<?xml version="1.0" encoding="UTF-8"?>
<testsuite xmlns:xsi="http://www.w3.org/2001/XMLSchema-instance" xsi:noNamespaceSchemaLocation="https://maven.apache.org/surefire/maven-surefire-plugin/xsd/surefire-test-report.xsd" name="org.jdz.AppTest" time="0.009" tests="1" errors="0" skipped="0" failures="0">
  <properties>
    <property name="sun.desktop" value="windows"/>
    <property name="awt.toolkit" value="sun.awt.windows.WToolkit"/>
    <property name="file.encoding.pkg" value="sun.io"/>
    <property name="java.specification.version" value="1.8"/>
    <property name="sun.cpu.isalist" value="amd64"/>
    <property name="sun.jnu.encoding" value="GBK"/>
    <property name="java.class.path" value="F:\javaproject\article\springboot\001 使用 pom 方式创建 SprintBoot 第一个项目\usepom\target\test-classes;F:\javaproject\article\springboot\001 使用 pom 方式创建 SprintBoot 第一个项目\usepom\target\classes;E:\Java\.m2\org\springframework\boot\spring-boot-starter-web\2.7.3\spring-boot-starter-web-2.7.3.jar;E:\Java\.m2\org\springframework\boot\spring-boot-starter\2.7.3\spring-boot-starter-2.7.3.jar;E:\Java\.m2\org\springframework\boot\spring-boot\2.7.3\spring-boot-2.7.3.jar;E:\Java\.m2\org\springframework\boot\spring-boot-autoconfigure\2.7.3\spring-boot-autoconfigure-2.7.3.jar;E:\Java\.m2\org\springframework\boot\spring-boot-starter-logging\2.7.3\spring-boot-starter-logging-2.7.3.jar;E:\Java\.m2\ch\qos\logback\logback-classic\1.2.11\logback-classic-1.2.11.jar;E:\Java\.m2\ch\qos\logback\logback-core\1.2.11\logback-core-1.2.11.jar;E:\Java\.m2\org\slf4j\slf4j-api\1.7.36\slf4j-api-1.7.36.jar;E:\Java\.m2\org\apache\logging\log4j\log4j-to-slf4j\2.17.2\log4j-to-slf4j-2.17.2.jar;E:\Java\.m2\org\apache\logging\log4j\log4j-api\2.17.2\log4j-api-2.17.2.jar;E:\Java\.m2\org\slf4j\jul-to-slf4j\1.7.36\jul-to-slf4j-1.7.36.jar;E:\Java\.m2\jakarta\annotation\jakarta.annotation-api\1.3.5\jakarta.annotation-api-1.3.5.jar;E:\Java\.m2\org\springframework\spring-core\5.3.22\spring-core-5.3.22.jar;E:\Java\.m2\org\springframework\spring-jcl\5.3.22\spring-jcl-5.3.22.jar;E:\Java\.m2\org\yaml\snakeyaml\1.30\snakeyaml-1.30.jar;E:\Java\.m2\org\springframework\boot\spring-boot-starter-json\2.7.3\spring-boot-starter-json-2.7.3.jar;E:\Java\.m2\com\fasterxml\jackson\core\jackson-databind\2.13.3\jackson-databind-2.13.3.jar;E:\Java\.m2\com\fasterxml\jackson\core\jackson-annotations\2.13.3\jackson-annotations-2.13.3.jar;E:\Java\.m2\com\fasterxml\jackson\core\jackson-core\2.13.3\jackson-core-2.13.3.jar;E:\Java\.m2\com\fasterxml\jackson\datatype\jackson-datatype-jdk8\2.13.3\jackson-datatype-jdk8-2.13.3.jar;E:\Java\.m2\com\fasterxml\jackson\datatype\jackson-datatype-jsr310\2.13.3\jackson-datatype-jsr310-2.13.3.jar;E:\Java\.m2\com\fasterxml\jackson\module\jackson-module-parameter-names\2.13.3\jackson-module-parameter-names-2.13.3.jar;E:\Java\.m2\org\springframework\boot\spring-boot-starter-tomcat\2.7.3\spring-boot-starter-tomcat-2.7.3.jar;E:\Java\.m2\org\apache\tomcat\embed\tomcat-embed-core\9.0.65\tomcat-embed-core-9.0.65.jar;E:\Java\.m2\org\apache\tomcat\embed\tomcat-embed-el\9.0.65\tomcat-embed-el-9.0.65.jar;E:\Java\.m2\org\apache\tomcat\embed\tomcat-embed-websocket\9.0.65\tomcat-embed-websocket-9.0.65.jar;E:\Java\.m2\org\springframework\spring-web\5.3.22\spring-web-5.3.22.jar;E:\Java\.m2\org\springframework\spring-beans\5.3.22\spring-beans-5.3.22.jar;E:\Java\.m2\org\springframework\spring-webmvc\5.3.22\spring-webmvc-5.3.22.jar;E:\Java\.m2\org\springframework\spring-aop\5.3.22\spring-aop-5.3.22.jar;E:\Java\.m2\org\springframework\spring-context\5.3.22\spring-context-5.3.22.jar;E:\Java\.m2\org\springframework\spring-expression\5.3.22\spring-expression-5.3.22.jar;E:\Java\.m2\junit\junit\3.8.1\junit-3.8.1.jar;"/>
    <property name="java.vm.vendor" value="Oracle Corporation"/>
    <property name="sun.arch.data.model" value="64"/>
    <property name="user.variant" value=""/>
    <property name="java.vendor.url" value="http://java.oracle.com/"/>
    <property name="user.timezone" value="Asia/Shanghai"/>
    <property name="java.vm.specification.version" value="1.8"/>
    <property name="os.name" value="Windows 10"/>
    <property name="user.country" value="CN"/>
    <property name="sun.java.launcher" value="SUN_STANDARD"/>
    <property name="sun.boot.library.path" value="E:\Java\jdk1.8.0_281\jre\bin"/>
    <property name="sun.java.command" value="C:\Users\xxh\AppData\Local\Temp\surefire8097700177678463753\surefirebooter1923635857870487723.jar C:\Users\xxh\AppData\Local\Temp\surefire8097700177678463753 2022-10-08T11-15-31_065-jvmRun1 surefire2952521368330647098tmp surefire_05445474582062569047tmp"/>
    <property name="surefire.test.class.path" value="F:\javaproject\article\springboot\001 使用 pom 方式创建 SprintBoot 第一个项目\usepom\target\test-classes;F:\javaproject\article\springboot\001 使用 pom 方式创建 SprintBoot 第一个项目\usepom\target\classes;E:\Java\.m2\org\springframework\boot\spring-boot-starter-web\2.7.3\spring-boot-starter-web-2.7.3.jar;E:\Java\.m2\org\springframework\boot\spring-boot-starter\2.7.3\spring-boot-starter-2.7.3.jar;E:\Java\.m2\org\springframework\boot\spring-boot\2.7.3\spring-boot-2.7.3.jar;E:\Java\.m2\org\springframework\boot\spring-boot-autoconfigure\2.7.3\spring-boot-autoconfigure-2.7.3.jar;E:\Java\.m2\org\springframework\boot\spring-boot-starter-logging\2.7.3\spring-boot-starter-logging-2.7.3.jar;E:\Java\.m2\ch\qos\logback\logback-classic\1.2.11\logback-classic-1.2.11.jar;E:\Java\.m2\ch\qos\logback\logback-core\1.2.11\logback-core-1.2.11.jar;E:\Java\.m2\org\slf4j\slf4j-api\1.7.36\slf4j-api-1.7.36.jar;E:\Java\.m2\org\apache\logging\log4j\log4j-to-slf4j\2.17.2\log4j-to-slf4j-2.17.2.jar;E:\Java\.m2\org\apache\logging\log4j\log4j-api\2.17.2\log4j-api-2.17.2.jar;E:\Java\.m2\org\slf4j\jul-to-slf4j\1.7.36\jul-to-slf4j-1.7.36.jar;E:\Java\.m2\jakarta\annotation\jakarta.annotation-api\1.3.5\jakarta.annotation-api-1.3.5.jar;E:\Java\.m2\org\springframework\spring-core\5.3.22\spring-core-5.3.22.jar;E:\Java\.m2\org\springframework\spring-jcl\5.3.22\spring-jcl-5.3.22.jar;E:\Java\.m2\org\yaml\snakeyaml\1.30\snakeyaml-1.30.jar;E:\Java\.m2\org\springframework\boot\spring-boot-starter-json\2.7.3\spring-boot-starter-json-2.7.3.jar;E:\Java\.m2\com\fasterxml\jackson\core\jackson-databind\2.13.3\jackson-databind-2.13.3.jar;E:\Java\.m2\com\fasterxml\jackson\core\jackson-annotations\2.13.3\jackson-annotations-2.13.3.jar;E:\Java\.m2\com\fasterxml\jackson\core\jackson-core\2.13.3\jackson-core-2.13.3.jar;E:\Java\.m2\com\fasterxml\jackson\datatype\jackson-datatype-jdk8\2.13.3\jackson-datatype-jdk8-2.13.3.jar;E:\Java\.m2\com\fasterxml\jackson\datatype\jackson-datatype-jsr310\2.13.3\jackson-datatype-jsr310-2.13.3.jar;E:\Java\.m2\com\fasterxml\jackson\module\jackson-module-parameter-names\2.13.3\jackson-module-parameter-names-2.13.3.jar;E:\Java\.m2\org\springframework\boot\spring-boot-starter-tomcat\2.7.3\spring-boot-starter-tomcat-2.7.3.jar;E:\Java\.m2\org\apache\tomcat\embed\tomcat-embed-core\9.0.65\tomcat-embed-core-9.0.65.jar;E:\Java\.m2\org\apache\tomcat\embed\tomcat-embed-el\9.0.65\tomcat-embed-el-9.0.65.jar;E:\Java\.m2\org\apache\tomcat\embed\tomcat-embed-websocket\9.0.65\tomcat-embed-websocket-9.0.65.jar;E:\Java\.m2\org\springframework\spring-web\5.3.22\spring-web-5.3.22.jar;E:\Java\.m2\org\springframework\spring-beans\5.3.22\spring-beans-5.3.22.jar;E:\Java\.m2\org\springframework\spring-webmvc\5.3.22\spring-webmvc-5.3.22.jar;E:\Java\.m2\org\springframework\spring-aop\5.3.22\spring-aop-5.3.22.jar;E:\Java\.m2\org\springframework\spring-context\5.3.22\spring-context-5.3.22.jar;E:\Java\.m2\org\springframework\spring-expression\5.3.22\spring-expression-5.3.22.jar;E:\Java\.m2\junit\junit\3.8.1\junit-3.8.1.jar;"/>
    <property name="sun.cpu.endian" value="little"/>
    <property name="user.home" value="C:\Users\xxh"/>
    <property name="user.language" value="zh"/>
    <property name="java.specification.vendor" value="Oracle Corporation"/>
    <property name="java.home" value="E:\Java\jdk1.8.0_281\jre"/>
    <property name="basedir" value="F:\javaproject\article\springboot\001 使用 pom 方式创建 SprintBoot 第一个项目\usepom"/>
    <property name="file.separator" value="\"/>
    <property name="line.separator" value="&#10;"/>
    <property name="java.vm.specification.vendor" value="Oracle Corporation"/>
    <property name="java.specification.name" value="Java Platform API Specification"/>
    <property name="java.awt.graphicsenv" value="sun.awt.Win32GraphicsEnvironment"/>
    <property name="surefire.real.class.path" value="C:\Users\xxh\AppData\Local\Temp\surefire8097700177678463753\surefirebooter1923635857870487723.jar"/>
    <property name="sun.boot.class.path" value="E:\Java\jdk1.8.0_281\jre\lib\resources.jar;E:\Java\jdk1.8.0_281\jre\lib\rt.jar;E:\Java\jdk1.8.0_281\jre\lib\sunrsasign.jar;E:\Java\jdk1.8.0_281\jre\lib\jsse.jar;E:\Java\jdk1.8.0_281\jre\lib\jce.jar;E:\Java\jdk1.8.0_281\jre\lib\charsets.jar;E:\Java\jdk1.8.0_281\jre\lib\jfr.jar;E:\Java\jdk1.8.0_281\jre\classes"/>
    <property name="user.script" value=""/>
    <property name="sun.management.compiler" value="HotSpot 64-Bit Tiered Compilers"/>
    <property name="java.runtime.version" value="1.8.0_281-b09"/>
    <property name="user.name" value="xxh"/>
    <property name="path.separator" value=";"/>
    <property name="os.version" value="10.0"/>
    <property name="java.endorsed.dirs" value="E:\Java\jdk1.8.0_281\jre\lib\endorsed"/>
    <property name="java.runtime.name" value="Java(TM) SE Runtime Environment"/>
    <property name="file.encoding" value="GBK"/>
    <property name="java.vm.name" value="Java HotSpot(TM) 64-Bit Server VM"/>
    <property name="localRepository" value="E:\Java\.m2"/>
    <property name="java.vendor.url.bug" value="http://bugreport.sun.com/bugreport/"/>
    <property name="java.io.tmpdir" value="C:\Users\xxh\AppData\Local\Temp\"/>
    <property name="idea.version" value="2022.2"/>
    <property name="java.version" value="1.8.0_281"/>
    <property name="user.dir" value="F:\javaproject\article\springboot\001 使用 pom 方式创建 SprintBoot 第一个项目\usepom"/>
    <property name="os.arch" value="amd64"/>
    <property name="java.vm.specification.name" value="Java Virtual Machine Specification"/>
    <property name="java.awt.printerjob" value="sun.awt.windows.WPrinterJob"/>
    <property name="sun.os.patch.level" value=""/>
    <property name="java.library.path" value="E:\Java\jdk1.8.0_281\jre\bin;C:\WINDOWS\Sun\Java\bin;C:\WINDOWS\system32;C:\WINDOWS;C:\Program Files (x86)\Common Files\Oracle\Java\javapath;E:\CBUILD~1\Bin;E:\CBUILD~1\Projects\Bpl;C:\Program Files (x86)\Embarcadero\Studio\21.0\bin;C:\Users\Public\Documents\Embarcadero\Studio\21.0\Bpl;C:\Program Files (x86)\Embarcadero\Studio\21.0\bin64;C:\Users\Public\Documents\Embarcadero\Studio\21.0\Bpl\Win64;E:\Java\jdk1.8.0_281\bin;E:\Java\jdk1.8.0_281\jre\bin;E:\xampp7\php;C:\ProgramData\ComposerSetup\bin;E:\Maven\apache-maven-3.6.3\bin;F:\androidSdk\Sdk\platform-tools;F:\androidSdk\Sdk\emulator;F:\androidSdk\Sdk\tools;F:\androidSdk\Sdk\tools\bin;E:\Java\jre1.8.0_281\bin;E:\TortoiseGit\bin;C:\Program Files\dotnet\;C:\Program Files (x86)\Microsoft SQL Server\100\Tools\Binn\;C:\Program Files (x86)\Microsoft SQL Server\100\DTS\Binn\;E:\Tencent\微信web开发者工具\dll;C:\Users\xxh\AppData\Local\Microsoft\WindowsApps;C:\Users\xxh\AppData\Roaming\Composer\vendor\bin;C:\Users\xxh\AppData\Roaming\npm;C:\Users\xxh\go\bin;E:\GoLand\bin;;E:\Go\bin;E:\git\Git\bin;C:\Program Files\nodejs;C:\Windows\System32;E:\IntelliJ IDEA 2020.3.1\bin;;E:\anaconda3;E:\anaconda3\Scripts;E:\anaconda3\Library\bin;C:\Users\xxh\AppData\Local\Pandoc\;."/>
    <property name="java.vm.info" value="mixed mode"/>
    <property name="java.vendor" value="Oracle Corporation"/>
    <property name="java.vm.version" value="25.281-b09"/>
    <property name="java.ext.dirs" value="E:\Java\jdk1.8.0_281\jre\lib\ext;C:\WINDOWS\Sun\Java\lib\ext"/>
    <property name="sun.io.unicode.encoding" value="UnicodeLittle"/>
    <property name="java.class.version" value="52.0"/>
  </properties>
  <testcase name="testApp" classname="org.jdz.AppTest" time="0.001"/>
</testsuite>